This is pdfTeX, Version 3.141592653-2.6-1.40.26 (TeX Live 2024/nixos.org) (preloaded format=pdflatex 1980.1.1)  21 OCT 2025 09:59
entering extended mode
 restricted \write18 enabled.
 file:line:error style messages enabled.
 %&-line parsing enabled.
**main.tex
(./main.tex
LaTeX2e <2024-11-01> patch level 2
L3 programming layer <2025-01-18>
(/nix/store/q4gbqp2pph3mw2jp5kwg0zlhwwwh3hx8-texlive-combined-full-2024-final-texmfdist/tex/latex/base/report.cls
Document Class: report 2024/06/29 v1.4n Standard LaTeX document class
(/nix/store/q4gbqp2pph3mw2jp5kwg0zlhwwwh3hx8-texlive-combined-full-2024-final-texmfdist/tex/latex/base/size12.clo
File: size12.clo 2024/06/29 v1.4n Standard LaTeX file (size option)
)
\c@part=\count196
\c@chapter=\count197
\c@section=\count198
\c@subsection=\count199
\c@subsubsection=\count266
\c@paragraph=\count267
\c@subparagraph=\count268
\c@figure=\count269
\c@table=\count270
\abovecaptionskip=\skip49
\belowcaptionskip=\skip50
\bibindent=\dimen141
) (/nix/store/q4gbqp2pph3mw2jp5kwg0zlhwwwh3hx8-texlive-combined-full-2024-final-texmfdist/tex/latex/titling/titling.sty
Package: titling 2009/09/04 v2.1d maketitle typesetting
\thanksmarkwidth=\skip51
\thanksmargin=\skip52
\droptitle=\skip53
) (/nix/store/q4gbqp2pph3mw2jp5kwg0zlhwwwh3hx8-texlive-combined-full-2024-final-texmfdist/tex/latex/graphics/graphicx.sty
Package: graphicx 2021/09/16 v1.2d Enhanced LaTeX Graphics (DPC,SPQR)
 (/nix/store/q4gbqp2pph3mw2jp5kwg0zlhwwwh3hx8-texlive-combined-full-2024-final-texmfdist/tex/latex/graphics/keyval.sty
Package: keyval 2022/05/29 v1.15 key=value parser (DPC)
\KV@toks@=\toks17
) (/nix/store/q4gbqp2pph3mw2jp5kwg0zlhwwwh3hx8-texlive-combined-full-2024-final-texmfdist/tex/latex/graphics/graphics.sty
Package: graphics 2024/08/06 v1.4g Standard LaTeX Graphics (DPC,SPQR)
 (/nix/store/q4gbqp2pph3mw2jp5kwg0zlhwwwh3hx8-texlive-combined-full-2024-final-texmfdist/tex/latex/graphics/trig.sty
Package: trig 2023/12/02 v1.11 sin cos tan (DPC)
) (/nix/store/q4gbqp2pph3mw2jp5kwg0zlhwwwh3hx8-texlive-combined-full-2024-final-texmfdist/tex/latex/graphics-cfg/graphics.cfg
File: graphics.cfg 2016/06/04 v1.11 sample graphics configuration
)
Package graphics Info: Driver file: pdftex.def on input line 106.
 (/nix/store/q4gbqp2pph3mw2jp5kwg0zlhwwwh3hx8-texlive-combined-full-2024-final-texmfdist/tex/latex/graphics-def/pdftex.def
File: pdftex.def 2024/04/13 v1.2c Graphics/color driver for pdftex
))
\Gin@req@height=\dimen142
\Gin@req@width=\dimen143
) (/nix/store/q4gbqp2pph3mw2jp5kwg0zlhwwwh3hx8-texlive-combined-full-2024-final-texmfdist/tex/latex/biblatex/biblatex.sty
Package: biblatex 2024/03/21 v3.20 programmable bibliographies (PK/MW)
 (/nix/store/q4gbqp2pph3mw2jp5kwg0zlhwwwh3hx8-texlive-combined-full-2024-final-texmfdist/tex/generic/pdftexcmds/pdftexcmds.sty
Package: pdftexcmds 2020-06-27 v0.33 Utility functions of pdfTeX for LuaTeX (HO)
 (/nix/store/q4gbqp2pph3mw2jp5kwg0zlhwwwh3hx8-texlive-combined-full-2024-final-texmfdist/tex/generic/infwarerr/infwarerr.sty
Package: infwarerr 2019/12/03 v1.5 Providing info/warning/error messages (HO)
) (/nix/store/q4gbqp2pph3mw2jp5kwg0zlhwwwh3hx8-texlive-combined-full-2024-final-texmfdist/tex/generic/iftex/iftex.sty
Package: iftex 2024/12/12 v1.0g TeX engine tests
) (/nix/store/q4gbqp2pph3mw2jp5kwg0zlhwwwh3hx8-texlive-combined-full-2024-final-texmfdist/tex/generic/ltxcmds/ltxcmds.sty
Package: ltxcmds 2023-12-04 v1.26 LaTeX kernel commands for general use (HO)
)
Package pdftexcmds Info: \pdf@primitive is available.
Package pdftexcmds Info: \pdf@ifprimitive is available.
Package pdftexcmds Info: \pdfdraftmode found.
) (/nix/store/q4gbqp2pph3mw2jp5kwg0zlhwwwh3hx8-texlive-combined-full-2024-final-texmfdist/tex/latex/etoolbox/etoolbox.sty
Package: etoolbox 2025/02/11 v2.5l e-TeX tools for LaTeX (JAW)
\etb@tempcnta=\count271
) (/nix/store/q4gbqp2pph3mw2jp5kwg0zlhwwwh3hx8-texlive-combined-full-2024-final-texmfdist/tex/latex/kvoptions/kvoptions.sty
Package: kvoptions 2022-06-15 v3.15 Key value format for package options (HO)
 (/nix/store/q4gbqp2pph3mw2jp5kwg0zlhwwwh3hx8-texlive-combined-full-2024-final-texmfdist/tex/latex/kvsetkeys/kvsetkeys.sty
Package: kvsetkeys 2022-10-05 v1.19 Key value parser (HO)
))
(/nix/store/q4gbqp2pph3mw2jp5kwg0zlhwwwh3hx8-texlive-combined-full-2024-final-texmfdist/tex/latex/logreq/logreq.sty
Package: logreq 2010/08/04 v1.0 xml request logger
\lrq@indent=\count272
 (/nix/store/q4gbqp2pph3mw2jp5kwg0zlhwwwh3hx8-texlive-combined-full-2024-final-texmfdist/tex/latex/logreq/logreq.def
File: logreq.def 2010/08/04 v1.0 logreq spec v1.0
)) (/nix/store/q4gbqp2pph3mw2jp5kwg0zlhwwwh3hx8-texlive-combined-full-2024-final-texmfdist/tex/latex/base/ifthen.sty
Package: ifthen 2024/03/16 v1.1e Standard LaTeX ifthen package (DPC)
) (/nix/store/q4gbqp2pph3mw2jp5kwg0zlhwwwh3hx8-texlive-combined-full-2024-final-texmfdist/tex/latex/url/url.sty
\Urlmuskip=\muskip17
Package: url 2013/09/16  ver 3.4  Verb mode for urls, etc.
)
\c@tabx@nest=\count273
\c@listtotal=\count274
\c@listcount=\count275
\c@liststart=\count276
\c@liststop=\count277
\c@citecount=\count278
\c@citetotal=\count279
\c@multicitecount=\count280
\c@multicitetotal=\count281
\c@instcount=\count282
\c@maxnames=\count283
\c@minnames=\count284
\c@maxitems=\count285
\c@minitems=\count286
\c@citecounter=\count287
\c@maxcitecounter=\count288
\c@savedcitecounter=\count289
\c@uniquelist=\count290
\c@uniquename=\count291
\c@refsection=\count292
\c@refsegment=\count293
\c@maxextratitle=\count294
\c@maxextratitleyear=\count295
\c@maxextraname=\count296
\c@maxextradate=\count297
\c@maxextraalpha=\count298
\c@abbrvpenalty=\count299
\c@highnamepenalty=\count300
\c@lownamepenalty=\count301
\c@maxparens=\count302
\c@parenlevel=\count303
\blx@tempcnta=\count304
\blx@tempcntb=\count305
\blx@tempcntc=\count306
\c@blx@maxsection=\count307
\blx@maxsegment@0=\count308
\blx@notetype=\count309
\blx@parenlevel@text=\count310
\blx@parenlevel@foot=\count311
\blx@sectionciteorder@0=\count312
\blx@sectionciteorderinternal@0=\count313
\blx@entrysetcounter=\count314
\blx@biblioinstance=\count315
\labelnumberwidth=\skip54
\labelalphawidth=\skip55
\biblabelsep=\skip56
\bibitemsep=\skip57
\bibnamesep=\skip58
\bibinitsep=\skip59
\bibparsep=\skip60
\bibhang=\skip61
\blx@bcfin=\read2
\blx@bcfout=\write3
\blx@langwohyphens=\language90
\c@mincomprange=\count316
\c@maxcomprange=\count317
\c@mincompwidth=\count318
Package biblatex Info: Trying to load biblatex default data model...
Package biblatex Info: ... file 'blx-dm.def' found.
 (/nix/store/q4gbqp2pph3mw2jp5kwg0zlhwwwh3hx8-texlive-combined-full-2024-final-texmfdist/tex/latex/biblatex/blx-dm.def
File: blx-dm.def 2024/03/21 v3.20 biblatex datamodel (PK/MW)
)
Package biblatex Info: Trying to load biblatex citestyle data model...
Package biblatex Info: ... file 'numeric-comp.dbx' not found.
Package biblatex Info: Trying to load biblatex bibstyle data model...
Package biblatex Info: ... file 'mla-new.dbx' not found.
Package biblatex Info: Trying to load biblatex custom data model...
Package biblatex Info: ... file 'biblatex-dm.cfg' not found.
\c@afterword=\count319
\c@savedafterword=\count320
\c@annotator=\count321
\c@savedannotator=\count322
\c@author=\count323
\c@savedauthor=\count324
\c@bookauthor=\count325
\c@savedbookauthor=\count326
\c@commentator=\count327
\c@savedcommentator=\count328
\c@editor=\count329
\c@savededitor=\count330
\c@editora=\count331
\c@savededitora=\count332
\c@editorb=\count333
\c@savededitorb=\count334
\c@editorc=\count335
\c@savededitorc=\count336
\c@foreword=\count337
\c@savedforeword=\count338
\c@holder=\count339
\c@savedholder=\count340
\c@introduction=\count341
\c@savedintroduction=\count342
\c@namea=\count343
\c@savednamea=\count344
\c@nameb=\count345
\c@savednameb=\count346
\c@namec=\count347
\c@savednamec=\count348
\c@translator=\count349
\c@savedtranslator=\count350
\c@shortauthor=\count351
\c@savedshortauthor=\count352
\c@shorteditor=\count353
\c@savedshorteditor=\count354
\c@labelname=\count355
\c@savedlabelname=\count356
\c@institution=\count357
\c@savedinstitution=\count358
\c@lista=\count359
\c@savedlista=\count360
\c@listb=\count361
\c@savedlistb=\count362
\c@listc=\count363
\c@savedlistc=\count364
\c@listd=\count365
\c@savedlistd=\count366
\c@liste=\count367
\c@savedliste=\count368
\c@listf=\count369
\c@savedlistf=\count370
\c@location=\count371
\c@savedlocation=\count372
\c@organization=\count373
\c@savedorganization=\count374
\c@origlocation=\count375
\c@savedoriglocation=\count376
\c@origpublisher=\count377
\c@savedorigpublisher=\count378
\c@publisher=\count379
\c@savedpublisher=\count380
\c@language=\count381
\c@savedlanguage=\count382
\c@origlanguage=\count383
\c@savedoriglanguage=\count384
\c@pageref=\count385
\c@savedpageref=\count386
\shorthandwidth=\skip62
\shortjournalwidth=\skip63
\shortserieswidth=\skip64
\shorttitlewidth=\skip65
\shortauthorwidth=\skip66
\shorteditorwidth=\skip67
\locallabelnumberwidth=\skip68
\locallabelalphawidth=\skip69
\localshorthandwidth=\skip70
\localshortjournalwidth=\skip71
\localshortserieswidth=\skip72
\localshorttitlewidth=\skip73
\localshortauthorwidth=\skip74
\localshorteditorwidth=\skip75
Package biblatex Info: Trying to load compatibility code...
Package biblatex Info: ... file 'blx-compat.def' found.
 (/nix/store/q4gbqp2pph3mw2jp5kwg0zlhwwwh3hx8-texlive-combined-full-2024-final-texmfdist/tex/latex/biblatex/blx-compat.def
File: blx-compat.def 2024/03/21 v3.20 biblatex compatibility (PK/MW)
)
Package biblatex Info: Trying to load generic definitions...
Package biblatex Info: ... file 'biblatex.def' found.
 (/nix/store/q4gbqp2pph3mw2jp5kwg0zlhwwwh3hx8-texlive-combined-full-2024-final-texmfdist/tex/latex/biblatex/biblatex.def
File: biblatex.def 2024/03/21 v3.20 biblatex compatibility (PK/MW)
\c@textcitecount=\count387
\c@textcitetotal=\count388
\c@textcitemaxnames=\count389
\c@biburlbigbreakpenalty=\count390
\c@biburlbreakpenalty=\count391
\c@biburlnumpenalty=\count392
\c@biburlucpenalty=\count393
\c@biburllcpenalty=\count394
\biburlbigskip=\muskip18
\biburlnumskip=\muskip19
\biburlucskip=\muskip20
\biburllcskip=\muskip21
\c@smartand=\count395
)
Package biblatex Info: Trying to load bibliography style 'mla-new'...
Package biblatex Info: ... file 'mla-new.bbx' found.
 (/nix/store/q4gbqp2pph3mw2jp5kwg0zlhwwwh3hx8-texlive-combined-full-2024-final-texmfdist/tex/latex/biblatex-mla/mla-new.bbx
File: mla-new.bbx 2022/02/22 v2.1a biblatex citation style
Package biblatex Info: Trying to load bibliography style 'mla'...
Package biblatex Info: ... file 'mla.bbx' found.
 (/nix/store/q4gbqp2pph3mw2jp5kwg0zlhwwwh3hx8-texlive-combined-full-2024-final-texmfdist/tex/latex/biblatex-mla/mla.bbx
File: mla.bbx 2022/02/22 v2.1a biblatex bibliography style
Package biblatex Info: Trying to load bibliography style 'mla-strict'...
Package biblatex Info: ... file 'mla-strict.bbx' found.
 (/nix/store/q4gbqp2pph3mw2jp5kwg0zlhwwwh3hx8-texlive-combined-full-2024-final-texmfdist/tex/latex/biblatex-mla/mla-strict.bbx
File: mla-strict.bbx 2022/02/22 v2.1a biblatex bibliography style
Package biblatex Info: Trying to load bibliography style 'standard'...
Package biblatex Info: ... file 'standard.bbx' found.
 (/nix/store/q4gbqp2pph3mw2jp5kwg0zlhwwwh3hx8-texlive-combined-full-2024-final-texmfdist/tex/latex/biblatex/bbx/standard.bbx
File: standard.bbx 2024/03/21 v3.20 biblatex bibliography style (PK/MW)
\c@bbx:relatedcount=\count396
\c@bbx:relatedtotal=\count397
)
Package biblatex Info: Delimiter 'andothersdelim' in context '' already defined, overwriting.
\c@containing=\count398
)))
Package biblatex Info: Trying to load citation style 'numeric-comp'...
Package biblatex Info: ... file 'numeric-comp.cbx' found.
 (/nix/store/q4gbqp2pph3mw2jp5kwg0zlhwwwh3hx8-texlive-combined-full-2024-final-texmfdist/tex/latex/biblatex/cbx/numeric-comp.cbx
File: numeric-comp.cbx 2024/03/21 v3.20 biblatex citation style (PK/MW)
\c@cbx@tempcnta=\count399
\c@cbx@tempcntb=\count400
\c@cbx@tempcntc=\count401
\c@cbx@tempcntd=\count402
Package biblatex Info: Redefining '\cite'.
Package biblatex Info: Redefining '\parencite'.
Package biblatex Info: Redefining '\footcite'.
Package biblatex Info: Redefining '\footcitetext'.
Package biblatex Info: Redefining '\smartcite'.
Package biblatex Info: Redefining '\supercite'.
Package biblatex Info: Redefining '\textcite'.
Package biblatex Info: Redefining '\textcites'.
Package biblatex Info: Redefining '\cites'.
Package biblatex Info: Redefining '\parencites'.
Package biblatex Info: Redefining '\smartcites'.
)
Package biblatex Info: Trying to load configuration file...
Package biblatex Info: ... file 'biblatex.cfg' found.
 (/nix/store/q4gbqp2pph3mw2jp5kwg0zlhwwwh3hx8-texlive-combined-full-2024-final-texmfdist/tex/latex/biblatex/biblatex.cfg
File: biblatex.cfg 
)
Package biblatex Info: Input encoding 'utf8' detected.
Package biblatex Info: Document encoding is UTF8 ....
 (/nix/store/q4gbqp2pph3mw2jp5kwg0zlhwwwh3hx8-texlive-combined-full-2024-final-texmfdist/tex/latex/l3kernel/expl3.sty
Package: expl3 2025-01-18 L3 programming layer (loader) 
 (/nix/store/q4gbqp2pph3mw2jp5kwg0zlhwwwh3hx8-texlive-combined-full-2024-final-texmfdist/tex/latex/l3backend/l3backend-pdftex.def
File: l3backend-pdftex.def 2024-05-08 L3 backend support: PDF output (pdfTeX)
\l__color_backend_stack_int=\count403
\l__pdf_internal_box=\box52
))
Package biblatex Info: ... and expl3
(biblatex)             2025-01-18 L3 programming layer (loader) 
(biblatex)             is new enough (at least 2020/04/06),
(biblatex)             setting 'casechanger=expl3'.
 (/nix/store/q4gbqp2pph3mw2jp5kwg0zlhwwwh3hx8-texlive-combined-full-2024-final-texmfdist/tex/latex/biblatex/blx-case-expl3.sty
(/nix/store/q4gbqp2pph3mw2jp5kwg0zlhwwwh3hx8-texlive-combined-full-2024-final-texmfdist/tex/latex/l3packages/xparse/xparse.sty
Package: xparse 2024-08-16 L3 Experimental document command parser
)
Package: blx-case-expl3 2024/03/21 v3.20 expl3 case changing code for biblatex
)) (/nix/store/q4gbqp2pph3mw2jp5kwg0zlhwwwh3hx8-texlive-combined-full-2024-final-texmfdist/tex/latex/psnfss/mathptmx.sty
Package: mathptmx 2020/03/25 PSNFSS-v9.3 Times w/ Math, improved (SPQR, WaS) 
LaTeX Font Info:    Redeclaring symbol font `operators' on input line 28.
LaTeX Font Info:    Overwriting symbol font `operators' in version `normal'
(Font)                  OT1/cmr/m/n --> OT1/ztmcm/m/n on input line 28.
LaTeX Font Info:    Overwriting symbol font `operators' in version `bold'
(Font)                  OT1/cmr/bx/n --> OT1/ztmcm/m/n on input line 28.
LaTeX Font Info:    Redeclaring symbol font `letters' on input line 29.
LaTeX Font Info:    Overwriting symbol font `letters' in version `normal'
(Font)                  OML/cmm/m/it --> OML/ztmcm/m/it on input line 29.
LaTeX Font Info:    Overwriting symbol font `letters' in version `bold'
(Font)                  OML/cmm/b/it --> OML/ztmcm/m/it on input line 29.
LaTeX Font Info:    Redeclaring symbol font `symbols' on input line 30.
LaTeX Font Info:    Overwriting symbol font `symbols' in version `normal'
(Font)                  OMS/cmsy/m/n --> OMS/ztmcm/m/n on input line 30.
LaTeX Font Info:    Overwriting symbol font `symbols' in version `bold'
(Font)                  OMS/cmsy/b/n --> OMS/ztmcm/m/n on input line 30.
LaTeX Font Info:    Redeclaring symbol font `largesymbols' on input line 31.
LaTeX Font Info:    Overwriting symbol font `largesymbols' in version `normal'
(Font)                  OMX/cmex/m/n --> OMX/ztmcm/m/n on input line 31.
LaTeX Font Info:    Overwriting symbol font `largesymbols' in version `bold'
(Font)                  OMX/cmex/m/n --> OMX/ztmcm/m/n on input line 31.
\symbold=\mathgroup4
\symitalic=\mathgroup5
LaTeX Font Info:    Redeclaring math alphabet \mathbf on input line 34.
LaTeX Font Info:    Overwriting math alphabet `\mathbf' in version `normal'
(Font)                  OT1/cmr/bx/n --> OT1/ptm/bx/n on input line 34.
LaTeX Font Info:    Overwriting math alphabet `\mathbf' in version `bold'
(Font)                  OT1/cmr/bx/n --> OT1/ptm/bx/n on input line 34.
LaTeX Font Info:    Redeclaring math alphabet \mathit on input line 35.
LaTeX Font Info:    Overwriting math alphabet `\mathit' in version `normal'
(Font)                  OT1/cmr/m/it --> OT1/ptm/m/it on input line 35.
LaTeX Font Info:    Overwriting math alphabet `\mathit' in version `bold'
(Font)                  OT1/cmr/bx/it --> OT1/ptm/m/it on input line 35.
LaTeX Info: Redefining \hbar on input line 50.
) (/nix/store/q4gbqp2pph3mw2jp5kwg0zlhwwwh3hx8-texlive-combined-full-2024-final-texmfdist/tex/latex/float/float.sty
Package: float 2001/11/08 v1.3d Float enhancements (AL)
\c@float@type=\count404
\float@exts=\toks18
\float@box=\box53
\@float@everytoks=\toks19
\@floatcapt=\box54
) (/nix/store/q4gbqp2pph3mw2jp5kwg0zlhwwwh3hx8-texlive-combined-full-2024-final-texmfdist/tex/latex/threeparttable/threeparttable.sty
Package: threeparttable 2003/06/13  v 3.0
\@tempboxb=\box55
) (/nix/store/q4gbqp2pph3mw2jp5kwg0zlhwwwh3hx8-texlive-combined-full-2024-final-texmfdist/tex/latex/tools/tabularx.sty
Package: tabularx 2023/12/11 v2.12a `tabularx' package (DPC)
 (/nix/store/q4gbqp2pph3mw2jp5kwg0zlhwwwh3hx8-texlive-combined-full-2024-final-texmfdist/tex/latex/tools/array.sty
Package: array 2024/10/17 v2.6g Tabular extension package (FMi)
\col@sep=\dimen144
\ar@mcellbox=\box56
\extrarowheight=\dimen145
\NC@list=\toks20
\extratabsurround=\skip76
\backup@length=\skip77
\ar@cellbox=\box57
)
\TX@col@width=\dimen146
\TX@old@table=\dimen147
\TX@old@col=\dimen148
\TX@target=\dimen149
\TX@delta=\dimen150
\TX@cols=\count405
\TX@ftn=\toks21
) (/nix/store/q4gbqp2pph3mw2jp5kwg0zlhwwwh3hx8-texlive-combined-full-2024-final-texmfdist/tex/latex/multirow/multirow.sty
Package: multirow 2024/11/12 v2.9 Span multiple rows of a table
\multirow@colwidth=\skip78
\multirow@cntb=\count406
\multirow@dima=\skip79
\bigstrutjot=\dimen151
)
\@quotelevel=\count407
\@quotereset=\count408
LaTeX Font Info:    Trying to load font information for OT1+ptm on input line 46.
 (/nix/store/q4gbqp2pph3mw2jp5kwg0zlhwwwh3hx8-texlive-combined-full-2024-final-texmfdist/tex/latex/psnfss/ot1ptm.fd
File: ot1ptm.fd 2001/06/04 font definitions for OT1/ptm.
)

LaTeX Warning: Unused global option(s):
    [english].

(./main.aux)
\openout1 = `main.aux'.

LaTeX Font Info:    Checking defaults for OML/cmm/m/it on input line 46.
LaTeX Font Info:    ... okay on input line 46.
LaTeX Font Info:    Checking defaults for OMS/cmsy/m/n on input line 46.
LaTeX Font Info:    ... okay on input line 46.
LaTeX Font Info:    Checking defaults for OT1/cmr/m/n on input line 46.
LaTeX Font Info:    ... okay on input line 46.
LaTeX Font Info:    Checking defaults for T1/cmr/m/n on input line 46.
LaTeX Font Info:    ... okay on input line 46.
LaTeX Font Info:    Checking defaults for TS1/cmr/m/n on input line 46.
LaTeX Font Info:    ... okay on input line 46.
LaTeX Font Info:    Checking defaults for OMX/cmex/m/n on input line 46.
LaTeX Font Info:    ... okay on input line 46.
LaTeX Font Info:    Checking defaults for U/cmr/m/n on input line 46.
LaTeX Font Info:    ... okay on input line 46.
 (/nix/store/q4gbqp2pph3mw2jp5kwg0zlhwwwh3hx8-texlive-combined-full-2024-final-texmfdist/tex/context/base/mkii/supp-pdf.mkii
[Loading MPS to PDF converter (version 2006.09.02).]
\scratchcounter=\count409
\scratchdimen=\dimen152
\scratchbox=\box58
\nofMPsegments=\count410
\nofMParguments=\count411
\everyMPshowfont=\toks22
\MPscratchCnt=\count412
\MPscratchDim=\dimen153
\MPnumerator=\count413
\makeMPintoPDFobject=\count414
\everyMPtoPDFconversion=\toks23
) (/nix/store/q4gbqp2pph3mw2jp5kwg0zlhwwwh3hx8-texlive-combined-full-2024-final-texmfdist/tex/latex/epstopdf-pkg/epstopdf-base.sty
Package: epstopdf-base 2020-01-24 v2.11 Base part for package epstopdf
Package epstopdf-base Info: Redefining graphics rule for `.eps' on input line 485.
 (/nix/store/q4gbqp2pph3mw2jp5kwg0zlhwwwh3hx8-texlive-combined-full-2024-final-texmfdist/tex/latex/latexconfig/epstopdf-sys.cfg
File: epstopdf-sys.cfg 2010/07/13 v1.3 Configuration of (r)epstopdf for TeX Live
))
Package biblatex Info: Trying to load language 'english' -> 'english-mla'...
Package biblatex Info: ... file 'english-mla.lbx' found.
 (/nix/store/q4gbqp2pph3mw2jp5kwg0zlhwwwh3hx8-texlive-combined-full-2024-final-texmfdist/tex/latex/biblatex-mla/english-mla.lbx
File: english-mla.lbx 2022/02/22 v2.1a biblatex style localization
Package biblatex Info: Trying to load language 'english'...
Package biblatex Info: ... file 'english.lbx' found.
 (/nix/store/q4gbqp2pph3mw2jp5kwg0zlhwwwh3hx8-texlive-combined-full-2024-final-texmfdist/tex/latex/biblatex/lbx/english.lbx
File: english.lbx 2024/03/21 v3.20 biblatex localization (PK/MW)
)
Package biblatex Info: Trying to load language 'english'...
Package biblatex Info: ... file 'english.lbx' found.
 (/nix/store/q4gbqp2pph3mw2jp5kwg0zlhwwwh3hx8-texlive-combined-full-2024-final-texmfdist/tex/latex/biblatex/lbx/english.lbx
File: english.lbx 2024/03/21 v3.20 biblatex localization (PK/MW)
))
Package biblatex Info: Input encoding 'utf8' detected.
Package biblatex Info: Automatic encoding selection.
(biblatex)             Assuming data encoding 'utf8'.
\openout3 = `main.bcf'.

Package biblatex Info: Trying to load bibliographic data...
Package biblatex Info: ... file 'main.bbl' found.
 (./main.bbl)
Package biblatex Info: Reference section=0 on input line 46.
Package biblatex Info: Reference segment=0 on input line 46.
\big@size=\dimen154
<z_Assets/Images/Duhovka-logo.png, id=1, 96.36pt x 26.2581pt>
File: z_Assets/Images/Duhovka-logo.png Graphic file (type png)
<use z_Assets/Images/Duhovka-logo.png>
Package pdftex.def Info: z_Assets/Images/Duhovka-logo.png  used on input line 47.
(pdftex.def)             Requested size: 170.71652pt x 46.52008pt.

Overfull \hbox (8.33858pt too wide) in paragraph at lines 47--47
[] 
 []

LaTeX Font Info:    Trying to load font information for OT1+ztmcm on input line 47.
(/nix/store/q4gbqp2pph3mw2jp5kwg0zlhwwwh3hx8-texlive-combined-full-2024-final-texmfdist/tex/latex/psnfss/ot1ztmcm.fd
File: ot1ztmcm.fd 2000/01/03 Fontinst v1.801 font definitions for OT1/ztmcm.
)
LaTeX Font Info:    Trying to load font information for OML+ztmcm on input line 47.
 (/nix/store/q4gbqp2pph3mw2jp5kwg0zlhwwwh3hx8-texlive-combined-full-2024-final-texmfdist/tex/latex/psnfss/omlztmcm.fd
File: omlztmcm.fd 2000/01/03 Fontinst v1.801 font definitions for OML/ztmcm.
)
LaTeX Font Info:    Trying to load font information for OMS+ztmcm on input line 47.
 (/nix/store/q4gbqp2pph3mw2jp5kwg0zlhwwwh3hx8-texlive-combined-full-2024-final-texmfdist/tex/latex/psnfss/omsztmcm.fd
File: omsztmcm.fd 2000/01/03 Fontinst v1.801 font definitions for OMS/ztmcm.
)
LaTeX Font Info:    Trying to load font information for OMX+ztmcm on input line 47.
 (/nix/store/q4gbqp2pph3mw2jp5kwg0zlhwwwh3hx8-texlive-combined-full-2024-final-texmfdist/tex/latex/psnfss/omxztmcm.fd
File: omxztmcm.fd 2000/01/03 Fontinst v1.801 font definitions for OMX/ztmcm.
)
LaTeX Font Info:    Font shape `OT1/ptm/bx/n' in size <14.4> not available
(Font)              Font shape `OT1/ptm/b/n' tried instead on input line 47.
LaTeX Font Info:    Font shape `OT1/ptm/bx/n' in size <10.95> not available
(Font)              Font shape `OT1/ptm/b/n' tried instead on input line 47.
LaTeX Font Info:    Font shape `OT1/ptm/bx/n' in size <8> not available
(Font)              Font shape `OT1/ptm/b/n' tried instead on input line 47.


[1

{/nix/store/jjb6fa2kp152kmc08n20qill4gx6ls91-texlive-combined-full-2024-final/share/texmf-var/fonts/map/pdftex/updmap/pdftex.map}{/nix/store/q4gbqp2pph3mw2jp5kwg0zlhwwwh3hx8-texlive-combined-full-2024-final-texmfdist/fonts/enc/dvips/base/8r.enc} <./z_Assets/Images/Duhovka-logo.png>]
Overfull \hbox (0.8478pt too wide) in paragraph at lines 50--52
\OT1/ptm/m/n/12 Prohla[]suji, []ze jsem svoji semin[]arn[]^^P pr[]aci vypra-co-v-ala samostatn[]e a ve[]sker[]e pou[]zit[]e
 []



[1] (./main.toc
LaTeX Font Info:    Font shape `OT1/ptm/bx/n' in size <12> not available
(Font)              Font shape `OT1/ptm/b/n' tried instead on input line 1.
LaTeX Font Info:    Font shape `OT1/ptm/bx/n' in size <9> not available
(Font)              Font shape `OT1/ptm/b/n' tried instead on input line 1.
LaTeX Font Info:    Font shape `OT1/ptm/bx/n' in size <7> not available
(Font)              Font shape `OT1/ptm/b/n' tried instead on input line 1.
)
\tf@toc=\write4
\openout4 = `main.toc'.



[2

]
LaTeX Font Info:    Trying to load font information for TS1+ptm on input line 78.
 (/nix/store/q4gbqp2pph3mw2jp5kwg0zlhwwwh3hx8-texlive-combined-full-2024-final-texmfdist/tex/latex/psnfss/ts1ptm.fd
File: ts1ptm.fd 2001/06/04 font definitions for TS1/ptm.
)
Overfull \hbox (106.44757pt too wide) in alignment at lines 116--116
[][][][][] 
 []



[3]
Underfull \hbox (badness 2150) in paragraph at lines 151--151
[]|\OT1/ptm/m/n/12 thrust to weight
 []


Underfull \hbox (badness 10000) in paragraph at lines 151--152
[]|\OT1/ptm/m/n/12 7:1 at Mach
 []


Underfull \hbox (badness 10000) in paragraph at lines 151--152
\OT1/ptm/m/n/12 3 at 9,144m
 []


Underfull \hbox (badness 10000) in paragraph at lines 153--153
[]|\OT1/ptm/m/n/12 Specific fuel
 []


Underfull \hbox (badness 5924) in paragraph at lines 155--155
\OT1/ptm/m/n/12 num-bers at sea
 []


Underfull \hbox (badness 10000) in paragraph at lines 159--159
[]|\OT1/ptm/m/n/12 Thrust change
 []


Underfull \hbox (badness 10000) in paragraph at lines 161--161
[]|\OT1/ptm/m/n/12 Increases with
 []


Underfull \hbox (badness 10000) in paragraph at lines 161--162
[]|\OT1/ptm/m/n/12 Increases with
 []


Underfull \hbox (badness 10000) in paragraph at lines 163--163
[]|\OT1/ptm/m/n/12 Decreases with
 []


Underfull \hbox (badness 10000) in paragraph at lines 163--164
[]|\OT1/ptm/m/n/12 Decreases with
 []


Underfull \hbox (badness 1946) in paragraph at lines 165--165
[]|\OT1/ptm/m/n/12 Flight speed vs.
 []


Underfull \hbox (badness 2635) in paragraph at lines 165--165
[]|\OT1/ptm/m/n/12 Unrelated, flight
 []


Underfull \hbox (badness 10000) in paragraph at lines 165--165
\OT1/ptm/m/n/12 speed can be
 []


Underfull \hbox (badness 2617) in paragraph at lines 165--165
[]|\OT1/ptm/m/n/12 Flight speed al-
 []


Underfull \hbox (badness 2617) in paragraph at lines 165--166
[]|\OT1/ptm/m/n/12 Flight speed al-
 []


Underfull \hbox (badness 10000) in paragraph at lines 167--167
[]|\OT1/ptm/m/n/12 Altitude lim-i-ta-
 []


Underfull \hbox (badness 1755) in paragraph at lines 167--167
[]|\OT1/ptm/m/n/12 14,000 - 17,000
 []


Underfull \hbox (badness 2181) in paragraph at lines 167--168
\OT1/ptm/m/n/12 3, 30,000 m at
 []


Underfull \hbox (badness 1515) in paragraph at lines 167--168
\OT1/ptm/m/n/12 Mach 5, 45,000
 []

./main.tex:174: Undefined control sequence.
l.174 ...local speed of sound (See Equation~\eqref
                                                  {eq:Mach Number}(Appendix~...
The control sequence at the end of the top line
of your error message was never \def'ed. If you have
misspelled it (e.g., `\hobx'), type `I' and the correct
spelling (e.g., `I\hbox'). Otherwise just continue,
and I'll forget about whatever was undefined.

./main.tex:175: Undefined control sequence.
l.175 ...erformance parameter (See Equation~\eqref
                                                  {eq:Specific Impulse}(Appe...
The control sequence at the end of the top line
of your error message was never \def'ed. If you have
misspelled it (e.g., `\hobx'), type `I' and the correct
spelling (e.g., `I\hbox'). Otherwise just continue,
and I'll forget about whatever was undefined.


Overfull \hbox (6.233pt too wide) in paragraph at lines 147--181
 [] 
 []



[4]

[5]
<z_Assets/Graphics/Schematics/Ramjet_P280b.jpg, id=30, 371.28712pt x 132.79613pt>
File: z_Assets/Graphics/Schematics/Ramjet_P280b.jpg Graphic file (type jpg)
<use z_Assets/Graphics/Schematics/Ramjet_P280b.jpg>
Package pdftex.def Info: z_Assets/Graphics/Schematics/Ramjet_P280b.jpg  used on input line 191.
(pdftex.def)             Requested size: 292.5pt x 104.618pt.
<z_Assets/Graphics/Schematics/Turbo_ram_scramjet_comparative_diagram.svg-1.png, id=31, 501.875pt x 613.29124pt>
File: z_Assets/Graphics/Schematics/Turbo_ram_scramjet_comparative_diagram.svg-1.png Graphic file (type png)
<use z_Assets/Graphics/Schematics/Turbo_ram_scramjet_comparative_diagram.svg-1.png>
Package pdftex.def Info: z_Assets/Graphics/Schematics/Turbo_ram_scramjet_comparative_diagram.svg-1.png  used on input line 202.
(pdftex.def)             Requested size: 195.0pt x 238.2936pt.


[6 <./z_Assets/Graphics/Schematics/Ramjet_P280b.jpg>]

[7 <./z_Assets/Graphics/Schematics/Turbo_ram_scramjet_comparative_diagram.svg-1.png>]

[8]

[9]
Overfull \hbox (31.45906pt too wide) in paragraph at lines 252--252
[]\OT1/ptm/m/n/12 Wikipedia con-trib-u-tors. ``Mach Num-ber'', 2025, Ac-cessed: 2025-10-09, $\OT1/cmtt/m/n/12 en . wikipedia .
 []



[10

] (./main.aux)
 ***********
LaTeX2e <2024-11-01> patch level 2
L3 programming layer <2025-01-18>
 ***********
Package logreq Info: Writing requests to 'main.run.xml'.
\openout1 = `main.run.xml'.

 ) 
Here is how much of TeX's memory you used:
 10745 strings out of 473201
 214362 string characters out of 5689025
 1090213 words of memory out of 5000000
 33862 multiletter control sequences out of 15000+600000
 596022 words of font info for 107 fonts, out of 8000000 for 9000
 1141 hyphenation exceptions out of 8191
 66i,15n,81p,1181b,2647s stack positions out of 10000i,1000n,20000p,200000b,200000s
</nix/store/q4gbqp2pph3mw2jp5kwg0zlhwwwh3hx8-texlive-combined-full-2024-final-texmfdist/fonts/type1/public/amsfonts/cm/cmex10.pfb></nix/store/q4gbqp2pph3mw2jp5kwg0zlhwwwh3hx8-texlive-combined-full-2024-final-texmfdist/fonts/type1/public/amsfonts/cm/cmmi10.pfb></nix/store/q4gbqp2pph3mw2jp5kwg0zlhwwwh3hx8-texlive-combined-full-2024-final-texmfdist/fonts/type1/public/amsfonts/cm/cmr10.pfb></nix/store/q4gbqp2pph3mw2jp5kwg0zlhwwwh3hx8-texlive-combined-full-2024-final-texmfdist/fonts/type1/public/amsfonts/cm/cmsy10.pfb></nix/store/q4gbqp2pph3mw2jp5kwg0zlhwwwh3hx8-texlive-combined-full-2024-final-texmfdist/fonts/type1/public/amsfonts/cm/cmtt12.pfb></nix/store/q4gbqp2pph3mw2jp5kwg0zlhwwwh3hx8-texlive-combined-full-2024-final-texmfdist/fonts/type1/urw/times/utmb8a.pfb></nix/store/q4gbqp2pph3mw2jp5kwg0zlhwwwh3hx8-texlive-combined-full-2024-final-texmfdist/fonts/type1/urw/times/utmr8a.pfb></nix/store/q4gbqp2pph3mw2jp5kwg0zlhwwwh3hx8-texlive-combined-full-2024-final-texmfdist/fonts/type1/urw/times/utmri8a.pfb>
Output written on main.pdf (11 pages, 236965 bytes).
PDF statistics:
 87 PDF objects out of 1000 (max. 8388607)
 52 compressed objects within 1 object stream
 0 named destinations out of 1000 (max. 500000)
 16 words of extra memory for PDF output out of 10000 (max. 10000000)

